#! /usr/bin/vvp
:ivl_version "10.1 (stable)";
:ivl_delay_selection "TYPICAL";
:vpi_time_precision + 0;
:vpi_module "system";
:vpi_module "vhdl_sys";
:vpi_module "v2005_math";
:vpi_module "va_math";
S_0x558e06b2bb10 .scope module, "addsub" "addsub" 2 3;
 .timescale 0 0;
    .port_info 0 /INPUT 16 "dataa"
    .port_info 1 /INPUT 16 "datab"
    .port_info 2 /INPUT 1 "add_sub"
    .port_info 3 /INPUT 5 "siwz1"
    .port_info 4 /OUTPUT 16 "result1"
    .port_info 5 /OUTPUT 1 "select1"
o0x7f6a6dbdb018 .functor BUFZ 1, C4<z>; HiZ drive
v0x558e06b2bef0_0 .net "add_sub", 0 0, o0x7f6a6dbdb018;  0 drivers
o0x7f6a6dbdb048 .functor BUFZ 16, C4<zzzzzzzzzzzzzzzz>; HiZ drive
v0x558e06b4b590_0 .net "dataa", 15 0, o0x7f6a6dbdb048;  0 drivers
o0x7f6a6dbdb078 .functor BUFZ 16, C4<zzzzzzzzzzzzzzzz>; HiZ drive
v0x558e06b4b670_0 .net "datab", 15 0, o0x7f6a6dbdb078;  0 drivers
v0x558e06b4b730_0 .var "result", 16 0;
v0x558e06b4b810_0 .net "result1", 15 0, L_0x558e06b4cef0;  1 drivers
v0x558e06b4b940_0 .net "select1", 0 0, L_0x558e06b4cfc0;  1 drivers
o0x7f6a6dbdb138 .functor BUFZ 5, C4<zzzzz>; HiZ drive
v0x558e06b4ba00_0 .net "siwz1", 4 0, o0x7f6a6dbdb138;  0 drivers
E_0x558e06b1d400 .event edge, v0x558e06b4b670_0, v0x558e06b4b590_0, v0x558e06b2bef0_0;
L_0x558e06b4cef0 .part v0x558e06b4b730_0, 0, 16;
L_0x558e06b4cfc0 .part L_0x558e06b4cef0, 15, 1;
S_0x558e06b2bc90 .scope module, "floatingptoper" "floatingptoper" 3 8;
 .timescale 0 0;
    .port_info 0 /INPUT 16 "inp1"
    .port_info 1 /INPUT 1 "sgn1"
    .port_info 2 /INPUT 8 "exp1"
    .port_info 3 /INPUT 16 "inp2"
    .port_info 4 /INPUT 1 "sgn2"
    .port_info 5 /INPUT 8 "exp2"
    .port_info 6 /OUTPUT 16 "out"
    .port_info 7 /OUTPUT 1 "sgnout"
    .port_info 8 /OUTPUT 8 "outexp"
L_0x558e06b4d270 .functor BUFZ 8, L_0x558e06b4d090, C4<00000000>, C4<00000000>, C4<00000000>;
v0x558e06b4c560_0 .net "dif1f", 7 0, L_0x558e06b4d090;  1 drivers
o0x7f6a6dbdb2b8 .functor BUFZ 8, C4<zzzzzzzz>; HiZ drive
v0x558e06b4c640_0 .net "exp1", 7 0, o0x7f6a6dbdb2b8;  0 drivers
o0x7f6a6dbdb2e8 .functor BUFZ 8, C4<zzzzzzzz>; HiZ drive
v0x558e06b4c6e0_0 .net "exp2", 7 0, o0x7f6a6dbdb2e8;  0 drivers
o0x7f6a6dbdb4f8 .functor BUFZ 16, C4<zzzzzzzzzzzzzzzz>; HiZ drive
v0x558e06b4c780_0 .net "inp1", 15 0, o0x7f6a6dbdb4f8;  0 drivers
o0x7f6a6dbdb528 .functor BUFZ 16, C4<zzzzzzzzzzzzzzzz>; HiZ drive
v0x558e06b4c820_0 .net "inp2", 15 0, o0x7f6a6dbdb528;  0 drivers
o0x7f6a6dbdb558 .functor BUFZ 16, C4<zzzzzzzzzzzzzzzz>; HiZ drive
v0x558e06b4c950_0 .net "out", 15 0, o0x7f6a6dbdb558;  0 drivers
v0x558e06b4ca30_0 .net "outexp", 7 0, L_0x558e06b4d270;  1 drivers
v0x558e06b4cb10_0 .net "select", 0 0, L_0x558e06b4d180;  1 drivers
o0x7f6a6dbdb5b8 .functor BUFZ 1, C4<z>; HiZ drive
v0x558e06b4cbb0_0 .net "sgn1", 0 0, o0x7f6a6dbdb5b8;  0 drivers
o0x7f6a6dbdb5e8 .functor BUFZ 1, C4<z>; HiZ drive
v0x558e06b4cc50_0 .net "sgn2", 0 0, o0x7f6a6dbdb5e8;  0 drivers
o0x7f6a6dbdb618 .functor BUFZ 1, C4<z>; HiZ drive
v0x558e06b4cd10_0 .net "sgnout", 0 0, o0x7f6a6dbdb618;  0 drivers
S_0x558e06b4bba0 .scope module, "m11" "addsub7only" 3 25, 4 3 0, S_0x558e06b2bc90;
 .timescale 0 0;
    .port_info 0 /INPUT 8 "dataa"
    .port_info 1 /INPUT 8 "datab"
    .port_info 2 /INPUT 1 "add_sub"
    .port_info 3 /INPUT 5 "siwz1"
    .port_info 4 /OUTPUT 8 "result1"
    .port_info 5 /OUTPUT 1 "select1"
L_0x7f6a6db92018 .functor BUFT 1, C4<0>, C4<0>, C4<0>, C4<0>;
v0x558e06b4be70_0 .net "add_sub", 0 0, L_0x7f6a6db92018;  1 drivers
v0x558e06b4bf50_0 .net "dataa", 7 0, o0x7f6a6dbdb2b8;  alias, 0 drivers
v0x558e06b4c030_0 .net "datab", 7 0, o0x7f6a6dbdb2e8;  alias, 0 drivers
v0x558e06b4c0f0_0 .var "result", 8 0;
v0x558e06b4c1d0_0 .net "result1", 7 0, L_0x558e06b4d090;  alias, 1 drivers
v0x558e06b4c300_0 .net "select1", 0 0, L_0x558e06b4d180;  alias, 1 drivers
L_0x7f6a6db92060 .functor BUFT 1, C4<00111>, C4<0>, C4<0>, C4<0>;
v0x558e06b4c3c0_0 .net "siwz1", 4 0, L_0x7f6a6db92060;  1 drivers
E_0x558e06ae7d30 .event edge, v0x558e06b4c030_0, v0x558e06b4bf50_0, v0x558e06b4be70_0;
L_0x558e06b4d090 .part v0x558e06b4c0f0_0, 0, 8;
L_0x558e06b4d180 .part L_0x558e06b4d090, 7, 1;
    .scope S_0x558e06b2bb10;
T_0 ;
    %wait E_0x558e06b1d400;
    %load/vec4 v0x558e06b2bef0_0;
    %pad/u 32;
    %cmpi/e 1, 0, 32;
    %jmp/0xz  T_0.0, 4;
    %load/vec4 v0x558e06b4b590_0;
    %pad/u 17;
    %load/vec4 v0x558e06b4b670_0;
    %pad/u 17;
    %add;
    %assign/vec4 v0x558e06b4b730_0, 0;
    %jmp T_0.1;
T_0.0 ;
    %load/vec4 v0x558e06b4b590_0;
    %pad/u 17;
    %load/vec4 v0x558e06b4b670_0;
    %pad/u 17;
    %sub;
    %assign/vec4 v0x558e06b4b730_0, 0;
T_0.1 ;
    %jmp T_0;
    .thread T_0, $push;
    .scope S_0x558e06b4bba0;
T_1 ;
    %wait E_0x558e06ae7d30;
    %load/vec4 v0x558e06b4be70_0;
    %pad/u 32;
    %cmpi/e 1, 0, 32;
    %jmp/0xz  T_1.0, 4;
    %load/vec4 v0x558e06b4bf50_0;
    %pad/u 9;
    %load/vec4 v0x558e06b4c030_0;
    %pad/u 9;
    %add;
    %assign/vec4 v0x558e06b4c0f0_0, 0;
    %jmp T_1.1;
T_1.0 ;
    %load/vec4 v0x558e06b4bf50_0;
    %pad/u 9;
    %load/vec4 v0x558e06b4c030_0;
    %pad/u 9;
    %sub;
    %assign/vec4 v0x558e06b4c0f0_0, 0;
T_1.1 ;
    %jmp T_1;
    .thread T_1, $push;
# The file index is used to find the file name in the following table.
:file_names 5;
    "N/A";
    "<interactive>";
    "./finaladdsub.v";
    "tobeoperatedupon.v";
    "./finaladdsubforexpinebet.v";
