#! /usr/bin/vvp
:ivl_version "10.1 (stable)";
:ivl_delay_selection "TYPICAL";
:vpi_time_precision + 0;
:vpi_module "system";
:vpi_module "vhdl_sys";
:vpi_module "v2005_math";
:vpi_module "va_math";
S_0x55e9c47ca390 .scope module, "addsub" "addsub" 2 1;
 .timescale 0 0;
    .port_info 0 /INPUT 8 "dataa"
    .port_info 1 /INPUT 8 "datab"
    .port_info 2 /INPUT 1 "add_sub"
    .port_info 3 /OUTPUT 9 "asnwer"
L_0x55e9c47ee220 .functor AND 1, L_0x55e9c47ee180, v0x55e9c47edec0_0, C4<1>, C4<1>;
L_0x55e9c47ee4f0 .functor AND 1, L_0x55e9c47ee2e0, L_0x55e9c47ee3d0, C4<1>, C4<1>;
L_0x55e9c47ee600 .functor OR 1, L_0x55e9c47ee220, L_0x55e9c47ee4f0, C4<0>, C4<0>;
L_0x55e9c47ee8e0 .functor AND 1, L_0x55e9c47ee7b0, v0x55e9c47edec0_0, C4<1>, C4<1>;
L_0x55e9c47eebf0 .functor AND 1, L_0x55e9c47ee9d0, L_0x55e9c47eea70, C4<1>, C4<1>;
L_0x55e9c47eec60 .functor OR 1, L_0x55e9c47ee8e0, L_0x55e9c47eebf0, C4<0>, C4<0>;
L_0x55e9c47eefa0 .functor AND 1, L_0x55e9c47eee50, v0x55e9c47edec0_0, C4<1>, C4<1>;
L_0x55e9c47ef1c0 .functor AND 1, L_0x55e9c47ef010, L_0x55e9c47ef0b0, C4<1>, C4<1>;
L_0x55e9c47ef320 .functor OR 1, L_0x55e9c47eefa0, L_0x55e9c47ef1c0, C4<0>, C4<0>;
L_0x55e9c47ef150 .functor AND 1, L_0x55e9c47ef4d0, v0x55e9c47edec0_0, C4<1>, C4<1>;
L_0x55e9c47ef9d0 .functor AND 1, L_0x55e9c47ef6f0, L_0x55e9c47ef790, C4<1>, C4<1>;
L_0x55e9c47efac0 .functor OR 1, L_0x55e9c47ef150, L_0x55e9c47ef9d0, C4<0>, C4<0>;
L_0x55e9c47efe70 .functor AND 1, L_0x55e9c47efce0, v0x55e9c47edec0_0, C4<1>, C4<1>;
L_0x55e9c47f0120 .functor AND 1, L_0x55e9c47eff30, L_0x55e9c47effd0, C4<1>, C4<1>;
L_0x55e9c47efbd0 .functor OR 1, L_0x55e9c47efe70, L_0x55e9c47f0120, C4<0>, C4<0>;
L_0x55e9c47f0530 .functor AND 1, L_0x55e9c47f0380, v0x55e9c47edec0_0, C4<1>, C4<1>;
L_0x55e9c47f0890 .functor AND 1, L_0x55e9c47f0680, L_0x55e9c47f0720, C4<1>, C4<1>;
L_0x55e9c47f09d0 .functor OR 1, L_0x55e9c47f0530, L_0x55e9c47f0890, C4<0>, C4<0>;
L_0x55e9c47f0df0 .functor AND 1, L_0x55e9c47f0c20, v0x55e9c47edec0_0, C4<1>, C4<1>;
L_0x55e9c47f10e0 .functor AND 1, L_0x55e9c47f0eb0, L_0x55e9c47f0f50, C4<1>, C4<1>;
L_0x55e9c47f12d0 .functor OR 1, L_0x55e9c47f0df0, L_0x55e9c47f10e0, C4<0>, C4<0>;
L_0x55e9c47f15d0 .functor AND 1, L_0x55e9c47f13e0, v0x55e9c47edec0_0, C4<1>, C4<1>;
L_0x55e9c47f1bb0 .functor AND 1, L_0x55e9c47f1750, L_0x55e9c47f17f0, C4<1>, C4<1>;
L_0x55e9c47f1cf0 .functor OR 1, L_0x55e9c47f15d0, L_0x55e9c47f1bb0, C4<0>, C4<0>;
L_0x55e9c47f24a0 .functor AND 1, L_0x55e9c47f23b0, v0x55e9c47edec0_0, C4<1>, C4<1>;
L_0x55e9c47f27d0 .functor AND 1, L_0x55e9c47f2560, L_0x55e9c47f2730, C4<1>, C4<1>;
L_0x55e9c47f29c0 .functor OR 1, L_0x55e9c47f24a0, L_0x55e9c47f27d0, C4<0>, C4<0>;
v0x55e9c47b9150_0 .net *"_s101", 0 0, L_0x55e9c47f0c20;  1 drivers
v0x55e9c47ea3e0_0 .net *"_s102", 0 0, L_0x55e9c47f0df0;  1 drivers
v0x55e9c47ea4a0_0 .net *"_s105", 0 0, L_0x55e9c47f0eb0;  1 drivers
v0x55e9c47ea560_0 .net *"_s107", 0 0, L_0x55e9c47f0f50;  1 drivers
v0x55e9c47ea620_0 .net *"_s108", 0 0, L_0x55e9c47f10e0;  1 drivers
v0x55e9c47ea730_0 .net *"_s11", 0 0, L_0x55e9c47ee3d0;  1 drivers
v0x55e9c47ea7f0_0 .net *"_s110", 0 0, L_0x55e9c47f12d0;  1 drivers
v0x55e9c47ea8b0_0 .net *"_s115", 0 0, L_0x55e9c47f0ae0;  1 drivers
v0x55e9c47ea990_0 .net *"_s117", 0 0, L_0x55e9c47f13e0;  1 drivers
v0x55e9c47eaae0_0 .net *"_s118", 0 0, L_0x55e9c47f15d0;  1 drivers
v0x55e9c47eaba0_0 .net *"_s12", 0 0, L_0x55e9c47ee4f0;  1 drivers
v0x55e9c47eac60_0 .net *"_s121", 0 0, L_0x55e9c47f1750;  1 drivers
v0x55e9c47ead40_0 .net *"_s123", 0 0, L_0x55e9c47f17f0;  1 drivers
v0x55e9c47eae00_0 .net *"_s124", 0 0, L_0x55e9c47f1bb0;  1 drivers
v0x55e9c47eaec0_0 .net *"_s126", 0 0, L_0x55e9c47f1cf0;  1 drivers
v0x55e9c47eaf80_0 .net *"_s132", 0 0, L_0x55e9c47f21f0;  1 drivers
v0x55e9c47eb060_0 .net *"_s134", 0 0, L_0x55e9c47f23b0;  1 drivers
v0x55e9c47eb230_0 .net *"_s135", 0 0, L_0x55e9c47f24a0;  1 drivers
v0x55e9c47eb2f0_0 .net *"_s138", 0 0, L_0x55e9c47f2560;  1 drivers
v0x55e9c47eb3d0_0 .net *"_s14", 0 0, L_0x55e9c47ee600;  1 drivers
v0x55e9c47eb490_0 .net *"_s140", 0 0, L_0x55e9c47f2730;  1 drivers
v0x55e9c47eb550_0 .net *"_s141", 0 0, L_0x55e9c47f27d0;  1 drivers
v0x55e9c47eb610_0 .net *"_s143", 0 0, L_0x55e9c47f29c0;  1 drivers
v0x55e9c47eb6d0_0 .net *"_s19", 0 0, L_0x55e9c47ee710;  1 drivers
v0x55e9c47eb7b0_0 .net *"_s21", 0 0, L_0x55e9c47ee7b0;  1 drivers
v0x55e9c47eb870_0 .net *"_s22", 0 0, L_0x55e9c47ee8e0;  1 drivers
v0x55e9c47eb930_0 .net *"_s25", 0 0, L_0x55e9c47ee9d0;  1 drivers
v0x55e9c47eba10_0 .net *"_s27", 0 0, L_0x55e9c47eea70;  1 drivers
v0x55e9c47ebad0_0 .net *"_s28", 0 0, L_0x55e9c47eebf0;  1 drivers
v0x55e9c47ebb90_0 .net *"_s3", 0 0, L_0x55e9c47ee0e0;  1 drivers
v0x55e9c47ebc70_0 .net *"_s30", 0 0, L_0x55e9c47eec60;  1 drivers
v0x55e9c47ebd30_0 .net *"_s35", 0 0, L_0x55e9c47eedb0;  1 drivers
v0x55e9c47ebe10_0 .net *"_s37", 0 0, L_0x55e9c47eee50;  1 drivers
v0x55e9c47ebed0_0 .net *"_s38", 0 0, L_0x55e9c47eefa0;  1 drivers
v0x55e9c47ebf90_0 .net *"_s41", 0 0, L_0x55e9c47ef010;  1 drivers
v0x55e9c47ec070_0 .net *"_s43", 0 0, L_0x55e9c47ef0b0;  1 drivers
v0x55e9c47ec130_0 .net *"_s44", 0 0, L_0x55e9c47ef1c0;  1 drivers
v0x55e9c47ec1f0_0 .net *"_s46", 0 0, L_0x55e9c47ef320;  1 drivers
v0x55e9c47ec2b0_0 .net *"_s5", 0 0, L_0x55e9c47ee180;  1 drivers
v0x55e9c47ec370_0 .net *"_s51", 0 0, L_0x55e9c47ef430;  1 drivers
v0x55e9c47ec450_0 .net *"_s53", 0 0, L_0x55e9c47ef4d0;  1 drivers
v0x55e9c47ec510_0 .net *"_s54", 0 0, L_0x55e9c47ef150;  1 drivers
v0x55e9c47ec5d0_0 .net *"_s57", 0 0, L_0x55e9c47ef6f0;  1 drivers
v0x55e9c47ec6b0_0 .net *"_s59", 0 0, L_0x55e9c47ef790;  1 drivers
v0x55e9c47ec770_0 .net *"_s6", 0 0, L_0x55e9c47ee220;  1 drivers
v0x55e9c47ec830_0 .net *"_s60", 0 0, L_0x55e9c47ef9d0;  1 drivers
v0x55e9c47ec8f0_0 .net *"_s62", 0 0, L_0x55e9c47efac0;  1 drivers
v0x55e9c47ec9b0_0 .net *"_s67", 0 0, L_0x55e9c47efc40;  1 drivers
v0x55e9c47eca90_0 .net *"_s69", 0 0, L_0x55e9c47efce0;  1 drivers
v0x55e9c47ecb50_0 .net *"_s70", 0 0, L_0x55e9c47efe70;  1 drivers
v0x55e9c47ecc10_0 .net *"_s73", 0 0, L_0x55e9c47eff30;  1 drivers
v0x55e9c47eccf0_0 .net *"_s75", 0 0, L_0x55e9c47effd0;  1 drivers
v0x55e9c47ecdb0_0 .net *"_s76", 0 0, L_0x55e9c47f0120;  1 drivers
v0x55e9c47ece70_0 .net *"_s78", 0 0, L_0x55e9c47efbd0;  1 drivers
v0x55e9c47ecf30_0 .net *"_s83", 0 0, L_0x55e9c47efdd0;  1 drivers
v0x55e9c47ed010_0 .net *"_s85", 0 0, L_0x55e9c47f0380;  1 drivers
v0x55e9c47ed0d0_0 .net *"_s86", 0 0, L_0x55e9c47f0530;  1 drivers
v0x55e9c47ed190_0 .net *"_s89", 0 0, L_0x55e9c47f0680;  1 drivers
v0x55e9c47ed270_0 .net *"_s9", 0 0, L_0x55e9c47ee2e0;  1 drivers
v0x55e9c47ed350_0 .net *"_s91", 0 0, L_0x55e9c47f0720;  1 drivers
v0x55e9c47ed410_0 .net *"_s92", 0 0, L_0x55e9c47f0890;  1 drivers
v0x55e9c47ed4d0_0 .net *"_s94", 0 0, L_0x55e9c47f09d0;  1 drivers
v0x55e9c47ed590_0 .net *"_s99", 0 0, L_0x55e9c47f0b80;  1 drivers
o0x7f3631869be8 .functor BUFZ 1, C4<z>; HiZ drive
v0x55e9c47ed670_0 .net "add_sub", 0 0, o0x7f3631869be8;  0 drivers
v0x55e9c47ed730_0 .net "asnwer", 8 0, L_0x55e9c47f1ed0;  1 drivers
o0x7f3631869c48 .functor BUFZ 8, C4<zzzzzzzz>; HiZ drive
v0x55e9c47edc20_0 .net "dataa", 7 0, o0x7f3631869c48;  0 drivers
o0x7f3631869c78 .functor BUFZ 8, C4<zzzzzzzz>; HiZ drive
v0x55e9c47edd00_0 .net "datab", 7 0, o0x7f3631869c78;  0 drivers
v0x55e9c47edde0_0 .var "result", 8 0;
v0x55e9c47edec0_0 .var "selec1", 0 0;
v0x55e9c47edf80_0 .var "tmptobeadded", 7 0;
E_0x55e9c47b2ce0 .event edge, v0x55e9c47ed670_0, v0x55e9c47edc20_0, v0x55e9c47edd00_0, v0x55e9c47edde0_0;
L_0x55e9c47ee0e0 .part v0x55e9c47edde0_0, 0, 1;
L_0x55e9c47ee180 .reduce/nor L_0x55e9c47ee0e0;
L_0x55e9c47ee2e0 .part v0x55e9c47edde0_0, 0, 1;
L_0x55e9c47ee3d0 .reduce/nor v0x55e9c47edec0_0;
L_0x55e9c47ee710 .part v0x55e9c47edde0_0, 1, 1;
L_0x55e9c47ee7b0 .reduce/nor L_0x55e9c47ee710;
L_0x55e9c47ee9d0 .part v0x55e9c47edde0_0, 1, 1;
L_0x55e9c47eea70 .reduce/nor v0x55e9c47edec0_0;
L_0x55e9c47eedb0 .part v0x55e9c47edde0_0, 2, 1;
L_0x55e9c47eee50 .reduce/nor L_0x55e9c47eedb0;
L_0x55e9c47ef010 .part v0x55e9c47edde0_0, 2, 1;
L_0x55e9c47ef0b0 .reduce/nor v0x55e9c47edec0_0;
L_0x55e9c47ef430 .part v0x55e9c47edde0_0, 3, 1;
L_0x55e9c47ef4d0 .reduce/nor L_0x55e9c47ef430;
L_0x55e9c47ef6f0 .part v0x55e9c47edde0_0, 3, 1;
L_0x55e9c47ef790 .reduce/nor v0x55e9c47edec0_0;
L_0x55e9c47efc40 .part v0x55e9c47edde0_0, 4, 1;
L_0x55e9c47efce0 .reduce/nor L_0x55e9c47efc40;
L_0x55e9c47eff30 .part v0x55e9c47edde0_0, 4, 1;
L_0x55e9c47effd0 .reduce/nor v0x55e9c47edec0_0;
L_0x55e9c47efdd0 .part v0x55e9c47edde0_0, 5, 1;
L_0x55e9c47f0380 .reduce/nor L_0x55e9c47efdd0;
L_0x55e9c47f0680 .part v0x55e9c47edde0_0, 5, 1;
L_0x55e9c47f0720 .reduce/nor v0x55e9c47edec0_0;
L_0x55e9c47f0b80 .part v0x55e9c47edde0_0, 6, 1;
L_0x55e9c47f0c20 .reduce/nor L_0x55e9c47f0b80;
L_0x55e9c47f0eb0 .part v0x55e9c47edde0_0, 6, 1;
L_0x55e9c47f0f50 .reduce/nor v0x55e9c47edec0_0;
L_0x55e9c47f0ae0 .part v0x55e9c47edde0_0, 7, 1;
L_0x55e9c47f13e0 .reduce/nor L_0x55e9c47f0ae0;
L_0x55e9c47f1750 .part v0x55e9c47edde0_0, 7, 1;
L_0x55e9c47f17f0 .reduce/nor v0x55e9c47edec0_0;
LS_0x55e9c47f1ed0_0_0 .concat8 [ 1 1 1 1], L_0x55e9c47ee600, L_0x55e9c47eec60, L_0x55e9c47ef320, L_0x55e9c47efac0;
LS_0x55e9c47f1ed0_0_4 .concat8 [ 1 1 1 1], L_0x55e9c47efbd0, L_0x55e9c47f09d0, L_0x55e9c47f12d0, L_0x55e9c47f1cf0;
LS_0x55e9c47f1ed0_0_8 .concat8 [ 1 0 0 0], L_0x55e9c47f29c0;
L_0x55e9c47f1ed0 .concat8 [ 4 4 1 0], LS_0x55e9c47f1ed0_0_0, LS_0x55e9c47f1ed0_0_4, LS_0x55e9c47f1ed0_0_8;
L_0x55e9c47f21f0 .part v0x55e9c47edde0_0, 8, 1;
L_0x55e9c47f23b0 .reduce/nor L_0x55e9c47f21f0;
L_0x55e9c47f2560 .part v0x55e9c47edde0_0, 8, 1;
L_0x55e9c47f2730 .reduce/nor v0x55e9c47edec0_0;
    .scope S_0x55e9c47ca390;
T_0 ;
    %pushi/vec4 1, 0, 8;
    %store/vec4 v0x55e9c47edf80_0, 0, 8;
    %end;
    .thread T_0;
    .scope S_0x55e9c47ca390;
T_1 ;
    %wait E_0x55e9c47b2ce0;
    %load/vec4 v0x55e9c47ed670_0;
    %flag_set/vec4 8;
    %jmp/0xz  T_1.0, 8;
    %load/vec4 v0x55e9c47edc20_0;
    %pad/u 9;
    %load/vec4 v0x55e9c47edd00_0;
    %pad/u 9;
    %add;
    %store/vec4 v0x55e9c47edde0_0, 0, 9;
    %pushi/vec4 0, 0, 1;
    %store/vec4 v0x55e9c47edec0_0, 0, 1;
    %jmp T_1.1;
T_1.0 ;
    %load/vec4 v0x55e9c47edc20_0;
    %pad/u 9;
    %load/vec4 v0x55e9c47edd00_0;
    %pad/u 9;
    %sub;
    %store/vec4 v0x55e9c47edde0_0, 0, 9;
    %pushi/vec4 1, 0, 2;
    %load/vec4 v0x55e9c47edde0_0;
    %parti/s 1, 8, 5;
    %pad/u 2;
    %and;
    %pad/u 1;
    %store/vec4 v0x55e9c47edec0_0, 0, 1;
T_1.1 ;
    %jmp T_1;
    .thread T_1, $push;
# The file index is used to find the file name in the following table.
:file_names 3;
    "N/A";
    "<interactive>";
    "addsub.v";
